<?xml version="1.0" encoding="utf-8"?>
<coverage line-rate="0.0334" branch-rate="0.2352" version="1.9" timestamp="1740305909" lines-covered="74" lines-valid="2210" branches-covered="16" branches-valid="68">
  <sources>
    <source>C:\Users\dev.5\Downloads\ApplictionInvoice\</source>
  </sources>
  <packages>
    <package name="Data-access-layer" line-rate="0" branch-rate="1" complexity="41">
      <classes>
        <class name="Data_access_layer.Program" filename="Data-access-layer\Program.cs" line-rate="0" branch-rate="1" complexity="1">
          <methods>
            <method name="Main" signature="(System.String[])" line-rate="0" branch-rate="1" complexity="1">
              <lines>
                <line number="6" hits="0" branch="False" />
                <line number="7" hits="0" branch="False" />
                <line number="8" hits="0" branch="False" />
              </lines>
            </method>
          </methods>
          <lines>
            <line number="6" hits="0" branch="False" />
            <line number="7" hits="0" branch="False" />
            <line number="8" hits="0" branch="False" />
          </lines>
        </class>
        <class name="DataAccessLayer.Models.Appdbcontext" filename="Data-access-layer\Context\Appdbcontext.cs" line-rate="0" branch-rate="1" complexity="6">
          <methods>
            <method name="get_Stores" signature="()" line-rate="0" branch-rate="1" complexity="1">
              <lines>
                <line number="8" hits="0" branch="False" />
              </lines>
            </method>
            <method name="get_Items" signature="()" line-rate="0" branch-rate="1" complexity="1">
              <lines>
                <line number="9" hits="0" branch="False" />
              </lines>
            </method>
            <method name="get_Invoices" signature="()" line-rate="0" branch-rate="1" complexity="1">
              <lines>
                <line number="10" hits="0" branch="False" />
              </lines>
            </method>
            <method name="get_invoiceItems" signature="()" line-rate="0" branch-rate="1" complexity="1">
              <lines>
                <line number="11" hits="0" branch="False" />
              </lines>
            </method>
            <method name="get_Units" signature="()" line-rate="0" branch-rate="1" complexity="1">
              <lines>
                <line number="12" hits="0" branch="False" />
              </lines>
            </method>
            <method name=".ctor" signature="(Microsoft.EntityFrameworkCore.DbContextOptions`1&lt;DataAccessLayer.Models.Appdbcontext&gt;)" line-rate="0" branch-rate="1" complexity="1">
              <lines>
                <line number="14" hits="0" branch="False" />
                <line number="15" hits="0" branch="False" />
              </lines>
            </method>
          </methods>
          <lines>
            <line number="8" hits="0" branch="False" />
            <line number="9" hits="0" branch="False" />
            <line number="10" hits="0" branch="False" />
            <line number="11" hits="0" branch="False" />
            <line number="12" hits="0" branch="False" />
            <line number="14" hits="0" branch="False" />
            <line number="15" hits="0" branch="False" />
          </lines>
        </class>
        <class name="DataAccessLayer.Models.Invoice" filename="Data-access-layer\Entities\Invoice.cs" line-rate="0" branch-rate="1" complexity="10">
          <methods>
            <method name="get_Id" signature="()" line-rate="0" branch-rate="1" complexity="1">
              <lines>
                <line number="8" hits="0" branch="False" />
              </lines>
            </method>
            <method name="get_Invoicenumber" signature="()" line-rate="0" branch-rate="1" complexity="1">
              <lines>
                <line number="9" hits="0" branch="False" />
              </lines>
            </method>
            <method name="get_Date" signature="()" line-rate="0" branch-rate="1" complexity="1">
              <lines>
                <line number="10" hits="0" branch="False" />
              </lines>
            </method>
            <method name="get_UpdateON" signature="()" line-rate="0" branch-rate="1" complexity="1">
              <lines>
                <line number="13" hits="0" branch="False" />
              </lines>
            </method>
            <method name="get_Total" signature="()" line-rate="0" branch-rate="1" complexity="1">
              <lines>
                <line number="15" hits="0" branch="False" />
              </lines>
            </method>
            <method name="get_Taxes" signature="()" line-rate="0" branch-rate="1" complexity="1">
              <lines>
                <line number="16" hits="0" branch="False" />
              </lines>
            </method>
            <method name="get_Net" signature="()" line-rate="0" branch-rate="1" complexity="1">
              <lines>
                <line number="17" hits="0" branch="False" />
              </lines>
            </method>
            <method name="get_storid" signature="()" line-rate="0" branch-rate="1" complexity="1">
              <lines>
                <line number="20" hits="0" branch="False" />
              </lines>
            </method>
            <method name="get_store" signature="()" line-rate="0" branch-rate="1" complexity="1">
              <lines>
                <line number="22" hits="0" branch="False" />
              </lines>
            </method>
            <method name="get_Invoiceitems" signature="()" line-rate="0" branch-rate="1" complexity="1">
              <lines>
                <line number="24" hits="0" branch="False" />
              </lines>
            </method>
          </methods>
          <lines>
            <line number="8" hits="0" branch="False" />
            <line number="9" hits="0" branch="False" />
            <line number="10" hits="0" branch="False" />
            <line number="13" hits="0" branch="False" />
            <line number="15" hits="0" branch="False" />
            <line number="16" hits="0" branch="False" />
            <line number="17" hits="0" branch="False" />
            <line number="20" hits="0" branch="False" />
            <line number="22" hits="0" branch="False" />
            <line number="24" hits="0" branch="False" />
          </lines>
        </class>
        <class name="DataAccessLayer.Models.InvoiceItem" filename="Data-access-layer\Entities\InvoiceItem.cs" line-rate="0" branch-rate="1" complexity="12">
          <methods>
            <method name="get_Id" signature="()" line-rate="0" branch-rate="1" complexity="1">
              <lines>
                <line number="8" hits="0" branch="False" />
              </lines>
            </method>
            <method name="get_Price" signature="()" line-rate="0" branch-rate="1" complexity="1">
              <lines>
                <line number="9" hits="0" branch="False" />
              </lines>
            </method>
            <method name="get_Quantity" signature="()" line-rate="0" branch-rate="1" complexity="1">
              <lines>
                <line number="10" hits="0" branch="False" />
              </lines>
            </method>
            <method name="get_Totalprice" signature="()" line-rate="0" branch-rate="1" complexity="1">
              <lines>
                <line number="12" hits="0" branch="False" />
              </lines>
            </method>
            <method name="get_Discount" signature="()" line-rate="0" branch-rate="1" complexity="1">
              <lines>
                <line number="13" hits="0" branch="False" />
              </lines>
            </method>
            <method name="get_Net" signature="()" line-rate="0" branch-rate="1" complexity="1">
              <lines>
                <line number="14" hits="0" branch="False" />
              </lines>
            </method>
            <method name="get_InvoiceId" signature="()" line-rate="0" branch-rate="1" complexity="1">
              <lines>
                <line number="17" hits="0" branch="False" />
              </lines>
            </method>
            <method name="get_ItemId" signature="()" line-rate="0" branch-rate="1" complexity="1">
              <lines>
                <line number="19" hits="0" branch="False" />
              </lines>
            </method>
            <method name="get_UnitId" signature="()" line-rate="0" branch-rate="1" complexity="1">
              <lines>
                <line number="21" hits="0" branch="False" />
              </lines>
            </method>
            <method name="get_invoice" signature="()" line-rate="0" branch-rate="1" complexity="1">
              <lines>
                <line number="26" hits="0" branch="False" />
              </lines>
            </method>
            <method name="get_item" signature="()" line-rate="0" branch-rate="1" complexity="1">
              <lines>
                <line number="28" hits="0" branch="False" />
              </lines>
            </method>
            <method name="get_unit" signature="()" line-rate="0" branch-rate="1" complexity="1">
              <lines>
                <line number="30" hits="0" branch="False" />
              </lines>
            </method>
          </methods>
          <lines>
            <line number="8" hits="0" branch="False" />
            <line number="9" hits="0" branch="False" />
            <line number="10" hits="0" branch="False" />
            <line number="12" hits="0" branch="False" />
            <line number="13" hits="0" branch="False" />
            <line number="14" hits="0" branch="False" />
            <line number="17" hits="0" branch="False" />
            <line number="19" hits="0" branch="False" />
            <line number="21" hits="0" branch="False" />
            <line number="26" hits="0" branch="False" />
            <line number="28" hits="0" branch="False" />
            <line number="30" hits="0" branch="False" />
          </lines>
        </class>
        <class name="DataAccessLayer.Models.Item" filename="Data-access-layer\Entities\Item.cs" line-rate="0" branch-rate="1" complexity="4">
          <methods>
            <method name="get_Id" signature="()" line-rate="0" branch-rate="1" complexity="1">
              <lines>
                <line number="7" hits="0" branch="False" />
              </lines>
            </method>
            <method name="get_Name" signature="()" line-rate="0" branch-rate="1" complexity="1">
              <lines>
                <line number="8" hits="0" branch="False" />
              </lines>
            </method>
            <method name="get_Store_id" signature="()" line-rate="0" branch-rate="1" complexity="1">
              <lines>
                <line number="11" hits="0" branch="False" />
              </lines>
            </method>
            <method name="get_store" signature="()" line-rate="0" branch-rate="1" complexity="1">
              <lines>
                <line number="12" hits="0" branch="False" />
              </lines>
            </method>
          </methods>
          <lines>
            <line number="7" hits="0" branch="False" />
            <line number="8" hits="0" branch="False" />
            <line number="11" hits="0" branch="False" />
            <line number="12" hits="0" branch="False" />
          </lines>
        </class>
        <class name="DataAccessLayer.Models.Store" filename="Data-access-layer\Entities\Store.cs" line-rate="0" branch-rate="1" complexity="4">
          <methods>
            <method name="get_Id" signature="()" line-rate="0" branch-rate="1" complexity="1">
              <lines>
                <line number="7" hits="0" branch="False" />
              </lines>
            </method>
            <method name="get_Name" signature="()" line-rate="0" branch-rate="1" complexity="1">
              <lines>
                <line number="8" hits="0" branch="False" />
              </lines>
            </method>
            <method name="get_items" signature="()" line-rate="0" branch-rate="1" complexity="1">
              <lines>
                <line number="10" hits="0" branch="False" />
              </lines>
            </method>
            <method name="get_units" signature="()" line-rate="0" branch-rate="1" complexity="1">
              <lines>
                <line number="11" hits="0" branch="False" />
              </lines>
            </method>
          </methods>
          <lines>
            <line number="7" hits="0" branch="False" />
            <line number="8" hits="0" branch="False" />
            <line number="10" hits="0" branch="False" />
            <line number="11" hits="0" branch="False" />
          </lines>
        </class>
        <class name="DataAccessLayer.Models.Unit" filename="Data-access-layer\Entities\Unit.cs" line-rate="0" branch-rate="1" complexity="4">
          <methods>
            <method name="get_Id" signature="()" line-rate="0" branch-rate="1" complexity="1">
              <lines>
                <line number="7" hits="0" branch="False" />
              </lines>
            </method>
            <method name="get_Name" signature="()" line-rate="0" branch-rate="1" complexity="1">
              <lines>
                <line number="8" hits="0" branch="False" />
              </lines>
            </method>
            <method name="get_Store_id" signature="()" line-rate="0" branch-rate="1" complexity="1">
              <lines>
                <line number="13" hits="0" branch="False" />
              </lines>
            </method>
            <method name="get_store" signature="()" line-rate="0" branch-rate="1" complexity="1">
              <lines>
                <line number="15" hits="0" branch="False" />
              </lines>
            </method>
          </methods>
          <lines>
            <line number="7" hits="0" branch="False" />
            <line number="8" hits="0" branch="False" />
            <line number="13" hits="0" branch="False" />
            <line number="15" hits="0" branch="False" />
          </lines>
        </class>
      </classes>
    </package>
    <package name="InvoiceAPI" line-rate="0.0341" branch-rate="0.2352" complexity="121">
      <classes>
        <class name="InvoiceAPI.Services.StoreService.StoreService" filename="InvoiceAPI\Services\StoreService\StoreService.cs" line-rate="0" branch-rate="0" complexity="12">
          <methods>
            <method name="GetById" signature="(System.Int32)" line-rate="0" branch-rate="0" complexity="4">
              <lines>
                <line number="23" hits="0" branch="False" />
                <line number="26" hits="0" branch="False" />
                <line number="27" hits="0" branch="False" />
                <line number="29" hits="0" branch="False" />
                <line number="31" hits="0" branch="False" />
                <line number="32" hits="0" branch="False" />
                <line number="34" hits="0" branch="True" condition-coverage="0% (0/2)">
                  <conditions>
                    <condition number="366" type="jump" coverage="0%" />
                  </conditions>
                </line>
                <line number="35" hits="0" branch="False" />
                <line number="36" hits="0" branch="False" />
                <line number="37" hits="0" branch="False" />
                <line number="38" hits="0" branch="False" />
                <line number="39" hits="0" branch="False" />
                <line number="40" hits="0" branch="False" />
                <line number="41" hits="0" branch="True" condition-coverage="0% (0/2)">
                  <conditions>
                    <condition number="470" type="jump" coverage="0%" />
                  </conditions>
                </line>
                <line number="42" hits="0" branch="False" />
                <line number="43" hits="0" branch="False" />
                <line number="44" hits="0" branch="False" />
                <line number="45" hits="0" branch="False" />
                <line number="46" hits="0" branch="False" />
                <line number="47" hits="0" branch="False" />
                <line number="48" hits="0" branch="False" />
                <line number="50" hits="0" branch="False" />
                <line number="51" hits="0" branch="False" />
                <line number="52" hits="0" branch="False" />
                <line number="53" hits="0" branch="False" />
                <line number="54" hits="0" branch="False" />
                <line number="60" hits="0" branch="False" />
              </lines>
            </method>
            <method name="GetAllStores" signature="()" line-rate="0" branch-rate="0" complexity="6">
              <lines>
                <line number="64" hits="0" branch="False" />
                <line number="66" hits="0" branch="False" />
                <line number="67" hits="0" branch="False" />
                <line number="69" hits="0" branch="False" />
                <line number="71" hits="0" branch="True" condition-coverage="0% (0/2)">
                  <conditions>
                    <condition number="432" type="jump" coverage="0%" />
                  </conditions>
                </line>
                <line number="72" hits="0" branch="False" />
                <line number="73" hits="0" branch="False" />
                <line number="74" hits="0" branch="False" />
                <line number="75" hits="0" branch="False" />
                <line number="76" hits="0" branch="False" />
                <line number="77" hits="0" branch="False" />
                <line number="79" hits="0" branch="True" condition-coverage="0% (0/2)">
                  <conditions>
                    <condition number="292" type="jump" coverage="0%" />
                  </conditions>
                </line>
                <line number="80" hits="0" branch="False" />
                <line number="81" hits="0" branch="False" />
                <line number="82" hits="0" branch="False" />
                <line number="83" hits="0" branch="False" />
                <line number="84" hits="0" branch="False" />
                <line number="85" hits="0" branch="False" />
                <line number="86" hits="0" branch="False" />
                <line number="87" hits="0" branch="False" />
                <line number="89" hits="0" branch="True" condition-coverage="0% (0/2)">
                  <conditions>
                    <condition number="396" type="jump" coverage="0%" />
                  </conditions>
                </line>
                <line number="90" hits="0" branch="False" />
                <line number="91" hits="0" branch="False" />
                <line number="92" hits="0" branch="False" />
                <line number="93" hits="0" branch="False" />
                <line number="94" hits="0" branch="False" />
                <line number="95" hits="0" branch="False" />
                <line number="96" hits="0" branch="False" />
                <line number="97" hits="0" branch="False" />
                <line number="99" hits="0" branch="False" />
                <line number="100" hits="0" branch="False" />
                <line number="102" hits="0" branch="False" />
                <line number="104" hits="0" branch="False" />
                <line number="105" hits="0" branch="False" />
                <line number="106" hits="0" branch="False" />
                <line number="107" hits="0" branch="False" />
                <line number="108" hits="0" branch="False" />
                <line number="110" hits="0" branch="False" />
              </lines>
            </method>
            <method name=".ctor" signature="(InvoiceAPI.GenericRepositories.IGenericRepository`1&lt;DataAccessLayer.Models.Store&gt;)" line-rate="0" branch-rate="1" complexity="1">
              <lines>
                <line number="17" hits="0" branch="False" />
                <line number="18" hits="0" branch="False" />
                <line number="19" hits="0" branch="False" />
                <line number="21" hits="0" branch="False" />
              </lines>
            </method>
            <method name=".cctor" signature="()" line-rate="0" branch-rate="1" complexity="1">
              <lines>
                <line number="14" hits="0" branch="False" />
              </lines>
            </method>
          </methods>
          <lines>
            <line number="23" hits="0" branch="False" />
            <line number="26" hits="0" branch="False" />
            <line number="27" hits="0" branch="False" />
            <line number="29" hits="0" branch="False" />
            <line number="31" hits="0" branch="False" />
            <line number="32" hits="0" branch="False" />
            <line number="34" hits="0" branch="True" condition-coverage="0% (0/2)">
              <conditions>
                <condition number="366" type="jump" coverage="0%" />
              </conditions>
            </line>
            <line number="35" hits="0" branch="False" />
            <line number="36" hits="0" branch="False" />
            <line number="37" hits="0" branch="False" />
            <line number="38" hits="0" branch="False" />
            <line number="39" hits="0" branch="False" />
            <line number="40" hits="0" branch="False" />
            <line number="41" hits="0" branch="True" condition-coverage="0% (0/2)">
              <conditions>
                <condition number="470" type="jump" coverage="0%" />
              </conditions>
            </line>
            <line number="42" hits="0" branch="False" />
            <line number="43" hits="0" branch="False" />
            <line number="44" hits="0" branch="False" />
            <line number="45" hits="0" branch="False" />
            <line number="46" hits="0" branch="False" />
            <line number="47" hits="0" branch="False" />
            <line number="48" hits="0" branch="False" />
            <line number="50" hits="0" branch="False" />
            <line number="51" hits="0" branch="False" />
            <line number="52" hits="0" branch="False" />
            <line number="53" hits="0" branch="False" />
            <line number="54" hits="0" branch="False" />
            <line number="60" hits="0" branch="False" />
            <line number="64" hits="0" branch="False" />
            <line number="66" hits="0" branch="False" />
            <line number="67" hits="0" branch="False" />
            <line number="69" hits="0" branch="False" />
            <line number="71" hits="0" branch="True" condition-coverage="0% (0/2)">
              <conditions>
                <condition number="432" type="jump" coverage="0%" />
              </conditions>
            </line>
            <line number="72" hits="0" branch="False" />
            <line number="73" hits="0" branch="False" />
            <line number="74" hits="0" branch="False" />
            <line number="75" hits="0" branch="False" />
            <line number="76" hits="0" branch="False" />
            <line number="77" hits="0" branch="False" />
            <line number="79" hits="0" branch="True" condition-coverage="0% (0/2)">
              <conditions>
                <condition number="292" type="jump" coverage="0%" />
              </conditions>
            </line>
            <line number="80" hits="0" branch="False" />
            <line number="81" hits="0" branch="False" />
            <line number="82" hits="0" branch="False" />
            <line number="83" hits="0" branch="False" />
            <line number="84" hits="0" branch="False" />
            <line number="85" hits="0" branch="False" />
            <line number="86" hits="0" branch="False" />
            <line number="87" hits="0" branch="False" />
            <line number="89" hits="0" branch="True" condition-coverage="0% (0/2)">
              <conditions>
                <condition number="396" type="jump" coverage="0%" />
              </conditions>
            </line>
            <line number="90" hits="0" branch="False" />
            <line number="91" hits="0" branch="False" />
            <line number="92" hits="0" branch="False" />
            <line number="93" hits="0" branch="False" />
            <line number="94" hits="0" branch="False" />
            <line number="95" hits="0" branch="False" />
            <line number="96" hits="0" branch="False" />
            <line number="97" hits="0" branch="False" />
            <line number="99" hits="0" branch="False" />
            <line number="100" hits="0" branch="False" />
            <line number="102" hits="0" branch="False" />
            <line number="104" hits="0" branch="False" />
            <line number="105" hits="0" branch="False" />
            <line number="106" hits="0" branch="False" />
            <line number="107" hits="0" branch="False" />
            <line number="108" hits="0" branch="False" />
            <line number="110" hits="0" branch="False" />
            <line number="17" hits="0" branch="False" />
            <line number="18" hits="0" branch="False" />
            <line number="19" hits="0" branch="False" />
            <line number="21" hits="0" branch="False" />
            <line number="14" hits="0" branch="False" />
          </lines>
        </class>
        <class name="InvoiceAPI.Services.InvoiceService.InvoiceService" filename="InvoiceAPI\Services\InvoiceService\InvoiceService.cs" line-rate="0" branch-rate="0" complexity="21">
          <methods>
            <method name="addInvoice" signature="(DataAccessLayer.DTOS.Invoice.InvoiceDto)" line-rate="0" branch-rate="0" complexity="2">
              <lines>
                <line number="30" hits="0" branch="False" />
                <line number="32" hits="0" branch="False" />
                <line number="33" hits="0" branch="False" />
                <line number="35" hits="0" branch="False" />
                <line number="36" hits="0" branch="False" />
                <line number="37" hits="0" branch="False" />
                <line number="38" hits="0" branch="False" />
                <line number="39" hits="0" branch="False" />
                <line number="40" hits="0" branch="False" />
                <line number="41" hits="0" branch="True" condition-coverage="0% (0/2)">
                  <conditions>
                    <condition number="233" type="jump" coverage="0%" />
                  </conditions>
                </line>
                <line number="42" hits="0" branch="False" />
                <line number="43" hits="0" branch="False" />
                <line number="44" hits="0" branch="False" />
                <line number="45" hits="0" branch="False" />
                <line number="46" hits="0" branch="False" />
                <line number="47" hits="0" branch="False" />
                <line number="48" hits="0" branch="False" />
                <line number="49" hits="0" branch="False" />
                <line number="50" hits="0" branch="False" />
                <line number="52" hits="0" branch="False" />
                <line number="53" hits="0" branch="False" />
                <line number="55" hits="0" branch="False" />
                <line number="56" hits="0" branch="False" />
                <line number="58" hits="0" branch="False" />
                <line number="61" hits="0" branch="False" />
                <line number="62" hits="0" branch="False" />
                <line number="64" hits="0" branch="False" />
                <line number="65" hits="0" branch="False" />
                <line number="68" hits="0" branch="False" />
              </lines>
            </method>
            <method name="GetAll" signature="()" line-rate="0" branch-rate="0" complexity="2">
              <lines>
                <line number="72" hits="0" branch="False" />
                <line number="74" hits="0" branch="False" />
                <line number="76" hits="0" branch="False" />
                <line number="80" hits="0" branch="True" condition-coverage="0% (0/2)">
                  <conditions>
                    <condition number="103" type="jump" coverage="0%" />
                  </conditions>
                </line>
                <line number="81" hits="0" branch="False" />
                <line number="82" hits="0" branch="False" />
                <line number="83" hits="0" branch="False" />
                <line number="84" hits="0" branch="False" />
                <line number="85" hits="0" branch="False" />
                <line number="86" hits="0" branch="False" />
                <line number="87" hits="0" branch="False" />
                <line number="88" hits="0" branch="False" />
                <line number="89" hits="0" branch="False" />
                <line number="91" hits="0" branch="False" />
                <line number="93" hits="0" branch="False" />
                <line number="94" hits="0" branch="False" />
                <line number="95" hits="0" branch="False" />
                <line number="96" hits="0" branch="False" />
                <line number="101" hits="0" branch="False" />
              </lines>
            </method>
            <method name="GetById" signature="(System.Int32)" line-rate="0" branch-rate="0" complexity="4">
              <lines>
                <line number="104" hits="0" branch="False" />
                <line number="106" hits="0" branch="False" />
                <line number="107" hits="0" branch="False" />
                <line number="108" hits="0" branch="True" condition-coverage="0% (0/2)">
                  <conditions>
                    <condition number="195" type="jump" coverage="0%" />
                  </conditions>
                </line>
                <line number="109" hits="0" branch="False" />
                <line number="110" hits="0" branch="False" />
                <line number="111" hits="0" branch="False" />
                <line number="113" hits="0" branch="False" />
                <line number="114" hits="0" branch="False" />
                <line number="115" hits="0" branch="False" />
                <line number="116" hits="0" branch="False" />
                <line number="117" hits="0" branch="False" />
                <line number="118" hits="0" branch="False" />
                <line number="119" hits="0" branch="False" />
                <line number="120" hits="0" branch="False" />
                <line number="121" hits="0" branch="True" condition-coverage="0% (0/2)">
                  <conditions>
                    <condition number="554" type="jump" coverage="0%" />
                  </conditions>
                </line>
                <line number="122" hits="0" branch="False" />
                <line number="123" hits="0" branch="False" />
                <line number="125" hits="0" branch="False" />
                <line number="126" hits="0" branch="False" />
                <line number="127" hits="0" branch="False" />
                <line number="128" hits="0" branch="False" />
                <line number="129" hits="0" branch="False" />
                <line number="130" hits="0" branch="False" />
                <line number="131" hits="0" branch="False" />
                <line number="133" hits="0" branch="False" />
                <line number="134" hits="0" branch="False" />
                <line number="136" hits="0" branch="False" />
                <line number="138" hits="0" branch="False" />
                <line number="139" hits="0" branch="False" />
                <line number="141" hits="0" branch="False" />
                <line number="143" hits="0" branch="False" />
                <line number="147" hits="0" branch="False" />
              </lines>
            </method>
            <method name="Update" signature="(DataAccessLayer.DTOS.Invoice.InvoiceDto)" line-rate="0" branch-rate="0" complexity="10">
              <lines>
                <line number="151" hits="0" branch="False" />
                <line number="153" hits="0" branch="False" />
                <line number="154" hits="0" branch="False" />
                <line number="155" hits="0" branch="True" condition-coverage="0% (0/2)">
                  <conditions>
                    <condition number="213" type="jump" coverage="0%" />
                  </conditions>
                </line>
                <line number="156" hits="0" branch="False" />
                <line number="157" hits="0" branch="False" />
                <line number="158" hits="0" branch="False" />
                <line number="162" hits="0" branch="True" condition-coverage="0% (0/2)">
                  <conditions>
                    <condition number="334" type="jump" coverage="0%" />
                  </conditions>
                </line>
                <line number="163" hits="0" branch="False" />
                <line number="164" hits="0" branch="False" />
                <line number="165" hits="0" branch="False" />
                <line number="167" hits="0" branch="False" />
                <line number="168" hits="0" branch="False" />
                <line number="169" hits="0" branch="False" />
                <line number="170" hits="0" branch="False" />
                <line number="171" hits="0" branch="False" />
                <line number="172" hits="0" branch="False" />
                <line number="173" hits="0" branch="False" />
                <line number="174" hits="0" branch="False" />
                <line number="176" hits="0" branch="True" condition-coverage="0% (0/2)">
                  <conditions>
                    <condition number="850" type="jump" coverage="0%" />
                  </conditions>
                </line>
                <line number="177" hits="0" branch="False" />
                <line number="178" hits="0" branch="False" />
                <line number="179" hits="0" branch="True" condition-coverage="0% (0/2)">
                  <conditions>
                    <condition number="17" type="jump" coverage="0%" />
                  </conditions>
                </line>
                <line number="181" hits="0" branch="True" condition-coverage="0% (0/2)">
                  <conditions>
                    <condition number="564" type="jump" coverage="0%" />
                  </conditions>
                </line>
                <line number="182" hits="0" branch="False" />
                <line number="184" hits="0" branch="False" />
                <line number="185" hits="0" branch="False" />
                <line number="186" hits="0" branch="False" />
                <line number="187" hits="0" branch="False" />
                <line number="188" hits="0" branch="False" />
                <line number="189" hits="0" branch="False" />
                <line number="191" hits="0" branch="False" />
                <line number="193" hits="0" branch="False" />
                <line number="194" hits="0" branch="False" />
                <line number="195" hits="0" branch="False" />
                <line number="196" hits="0" branch="False" />
                <line number="197" hits="0" branch="False" />
                <line number="198" hits="0" branch="False" />
                <line number="199" hits="0" branch="False" />
                <line number="200" hits="0" branch="False" />
                <line number="201" hits="0" branch="False" />
                <line number="202" hits="0" branch="False" />
                <line number="203" hits="0" branch="False" />
                <line number="204" hits="0" branch="False" />
                <line number="205" hits="0" branch="False" />
                <line number="206" hits="0" branch="False" />
                <line number="207" hits="0" branch="False" />
                <line number="208" hits="0" branch="False" />
                <line number="210" hits="0" branch="False" />
                <line number="211" hits="0" branch="False" />
                <line number="212" hits="0" branch="False" />
                <line number="213" hits="0" branch="False" />
                <line number="215" hits="0" branch="False" />
              </lines>
            </method>
            <method name="Delete" signature="(System.Int32)" line-rate="0" branch-rate="1" complexity="1">
              <lines>
                <line number="222" hits="0" branch="False" />
                <line number="224" hits="0" branch="False" />
                <line number="225" hits="0" branch="False" />
                <line number="226" hits="0" branch="False" />
                <line number="227" hits="0" branch="False" />
                <line number="229" hits="0" branch="False" />
                <line number="230" hits="0" branch="False" />
                <line number="231" hits="0" branch="False" />
                <line number="232" hits="0" branch="False" />
                <line number="234" hits="0" branch="False" />
              </lines>
            </method>
            <method name=".ctor" signature="(InvoiceAPI.GenericRepositories.IGenericRepository`1&lt;DataAccessLayer.Models.Invoice&gt;)" line-rate="0" branch-rate="1" complexity="1">
              <lines>
                <line number="24" hits="0" branch="False" />
                <line number="25" hits="0" branch="False" />
                <line number="26" hits="0" branch="False" />
                <line number="28" hits="0" branch="False" />
              </lines>
            </method>
            <method name=".cctor" signature="()" line-rate="0" branch-rate="1" complexity="1">
              <lines>
                <line number="21" hits="0" branch="False" />
              </lines>
            </method>
          </methods>
          <lines>
            <line number="30" hits="0" branch="False" />
            <line number="32" hits="0" branch="False" />
            <line number="33" hits="0" branch="False" />
            <line number="35" hits="0" branch="False" />
            <line number="36" hits="0" branch="False" />
            <line number="37" hits="0" branch="False" />
            <line number="38" hits="0" branch="False" />
            <line number="39" hits="0" branch="False" />
            <line number="40" hits="0" branch="False" />
            <line number="41" hits="0" branch="True" condition-coverage="0% (0/2)">
              <conditions>
                <condition number="233" type="jump" coverage="0%" />
              </conditions>
            </line>
            <line number="42" hits="0" branch="False" />
            <line number="43" hits="0" branch="False" />
            <line number="44" hits="0" branch="False" />
            <line number="45" hits="0" branch="False" />
            <line number="46" hits="0" branch="False" />
            <line number="47" hits="0" branch="False" />
            <line number="48" hits="0" branch="False" />
            <line number="49" hits="0" branch="False" />
            <line number="50" hits="0" branch="False" />
            <line number="52" hits="0" branch="False" />
            <line number="53" hits="0" branch="False" />
            <line number="55" hits="0" branch="False" />
            <line number="56" hits="0" branch="False" />
            <line number="58" hits="0" branch="False" />
            <line number="61" hits="0" branch="False" />
            <line number="62" hits="0" branch="False" />
            <line number="64" hits="0" branch="False" />
            <line number="65" hits="0" branch="False" />
            <line number="68" hits="0" branch="False" />
            <line number="72" hits="0" branch="False" />
            <line number="74" hits="0" branch="False" />
            <line number="76" hits="0" branch="False" />
            <line number="80" hits="0" branch="True" condition-coverage="0% (0/2)">
              <conditions>
                <condition number="103" type="jump" coverage="0%" />
              </conditions>
            </line>
            <line number="81" hits="0" branch="False" />
            <line number="82" hits="0" branch="False" />
            <line number="83" hits="0" branch="False" />
            <line number="84" hits="0" branch="False" />
            <line number="85" hits="0" branch="False" />
            <line number="86" hits="0" branch="False" />
            <line number="87" hits="0" branch="False" />
            <line number="88" hits="0" branch="False" />
            <line number="89" hits="0" branch="False" />
            <line number="91" hits="0" branch="False" />
            <line number="93" hits="0" branch="False" />
            <line number="94" hits="0" branch="False" />
            <line number="95" hits="0" branch="False" />
            <line number="96" hits="0" branch="False" />
            <line number="101" hits="0" branch="False" />
            <line number="104" hits="0" branch="False" />
            <line number="106" hits="0" branch="False" />
            <line number="107" hits="0" branch="False" />
            <line number="108" hits="0" branch="True" condition-coverage="0% (0/2)">
              <conditions>
                <condition number="195" type="jump" coverage="0%" />
              </conditions>
            </line>
            <line number="109" hits="0" branch="False" />
            <line number="110" hits="0" branch="False" />
            <line number="111" hits="0" branch="False" />
            <line number="113" hits="0" branch="False" />
            <line number="114" hits="0" branch="False" />
            <line number="115" hits="0" branch="False" />
            <line number="116" hits="0" branch="False" />
            <line number="117" hits="0" branch="False" />
            <line number="118" hits="0" branch="False" />
            <line number="119" hits="0" branch="False" />
            <line number="120" hits="0" branch="False" />
            <line number="121" hits="0" branch="True" condition-coverage="0% (0/2)">
              <conditions>
                <condition number="554" type="jump" coverage="0%" />
              </conditions>
            </line>
            <line number="122" hits="0" branch="False" />
            <line number="123" hits="0" branch="False" />
            <line number="125" hits="0" branch="False" />
            <line number="126" hits="0" branch="False" />
            <line number="127" hits="0" branch="False" />
            <line number="128" hits="0" branch="False" />
            <line number="129" hits="0" branch="False" />
            <line number="130" hits="0" branch="False" />
            <line number="131" hits="0" branch="False" />
            <line number="133" hits="0" branch="False" />
            <line number="134" hits="0" branch="False" />
            <line number="136" hits="0" branch="False" />
            <line number="138" hits="0" branch="False" />
            <line number="139" hits="0" branch="False" />
            <line number="141" hits="0" branch="False" />
            <line number="143" hits="0" branch="False" />
            <line number="147" hits="0" branch="False" />
            <line number="151" hits="0" branch="False" />
            <line number="153" hits="0" branch="False" />
            <line number="154" hits="0" branch="False" />
            <line number="155" hits="0" branch="True" condition-coverage="0% (0/2)">
              <conditions>
                <condition number="213" type="jump" coverage="0%" />
              </conditions>
            </line>
            <line number="156" hits="0" branch="False" />
            <line number="157" hits="0" branch="False" />
            <line number="158" hits="0" branch="False" />
            <line number="162" hits="0" branch="True" condition-coverage="0% (0/2)">
              <conditions>
                <condition number="334" type="jump" coverage="0%" />
              </conditions>
            </line>
            <line number="163" hits="0" branch="False" />
            <line number="164" hits="0" branch="False" />
            <line number="165" hits="0" branch="False" />
            <line number="167" hits="0" branch="False" />
            <line number="168" hits="0" branch="False" />
            <line number="169" hits="0" branch="False" />
            <line number="170" hits="0" branch="False" />
            <line number="171" hits="0" branch="False" />
            <line number="172" hits="0" branch="False" />
            <line number="173" hits="0" branch="False" />
            <line number="174" hits="0" branch="False" />
            <line number="176" hits="0" branch="True" condition-coverage="0% (0/2)">
              <conditions>
                <condition number="850" type="jump" coverage="0%" />
              </conditions>
            </line>
            <line number="177" hits="0" branch="False" />
            <line number="178" hits="0" branch="False" />
            <line number="179" hits="0" branch="True" condition-coverage="0% (0/2)">
              <conditions>
                <condition number="17" type="jump" coverage="0%" />
              </conditions>
            </line>
            <line number="181" hits="0" branch="True" condition-coverage="0% (0/2)">
              <conditions>
                <condition number="564" type="jump" coverage="0%" />
              </conditions>
            </line>
            <line number="182" hits="0" branch="False" />
            <line number="184" hits="0" branch="False" />
            <line number="185" hits="0" branch="False" />
            <line number="186" hits="0" branch="False" />
            <line number="187" hits="0" branch="False" />
            <line number="188" hits="0" branch="False" />
            <line number="189" hits="0" branch="False" />
            <line number="191" hits="0" branch="False" />
            <line number="193" hits="0" branch="False" />
            <line number="194" hits="0" branch="False" />
            <line number="195" hits="0" branch="False" />
            <line number="196" hits="0" branch="False" />
            <line number="197" hits="0" branch="False" />
            <line number="198" hits="0" branch="False" />
            <line number="199" hits="0" branch="False" />
            <line number="200" hits="0" branch="False" />
            <line number="201" hits="0" branch="False" />
            <line number="202" hits="0" branch="False" />
            <line number="203" hits="0" branch="False" />
            <line number="204" hits="0" branch="False" />
            <line number="205" hits="0" branch="False" />
            <line number="206" hits="0" branch="False" />
            <line number="207" hits="0" branch="False" />
            <line number="208" hits="0" branch="False" />
            <line number="210" hits="0" branch="False" />
            <line number="211" hits="0" branch="False" />
            <line number="212" hits="0" branch="False" />
            <line number="213" hits="0" branch="False" />
            <line number="215" hits="0" branch="False" />
            <line number="222" hits="0" branch="False" />
            <line number="224" hits="0" branch="False" />
            <line number="225" hits="0" branch="False" />
            <line number="226" hits="0" branch="False" />
            <line number="227" hits="0" branch="False" />
            <line number="229" hits="0" branch="False" />
            <line number="230" hits="0" branch="False" />
            <line number="231" hits="0" branch="False" />
            <line number="232" hits="0" branch="False" />
            <line number="234" hits="0" branch="False" />
            <line number="24" hits="0" branch="False" />
            <line number="25" hits="0" branch="False" />
            <line number="26" hits="0" branch="False" />
            <line number="28" hits="0" branch="False" />
            <line number="21" hits="0" branch="False" />
          </lines>
        </class>
        <class name="InvoiceAPI.Migrations.init" filename="InvoiceAPI\Migrations\20250212090111_init.cs" line-rate="0" branch-rate="1" complexity="2">
          <methods>
            <method name="Up" signature="(Microsoft.EntityFrameworkCore.Migrations.MigrationBuilder)" line-rate="0" branch-rate="1" complexity="1">
              <lines>
                <line number="13" hits="0" branch="False" />
                <line number="14" hits="0" branch="False" />
                <line number="15" hits="0" branch="False" />
                <line number="16" hits="0" branch="False" />
                <line number="17" hits="0" branch="False" />
                <line number="18" hits="0" branch="False" />
                <line number="19" hits="0" branch="False" />
                <line number="20" hits="0" branch="False" />
                <line number="21" hits="0" branch="False" />
                <line number="22" hits="0" branch="False" />
                <line number="23" hits="0" branch="False" />
                <line number="24" hits="0" branch="False" />
                <line number="25" hits="0" branch="False" />
                <line number="26" hits="0" branch="False" />
                <line number="28" hits="0" branch="False" />
                <line number="29" hits="0" branch="False" />
                <line number="30" hits="0" branch="False" />
                <line number="31" hits="0" branch="False" />
                <line number="32" hits="0" branch="False" />
                <line number="33" hits="0" branch="False" />
                <line number="34" hits="0" branch="False" />
                <line number="35" hits="0" branch="False" />
                <line number="36" hits="0" branch="False" />
                <line number="37" hits="0" branch="False" />
                <line number="38" hits="0" branch="False" />
                <line number="39" hits="0" branch="False" />
                <line number="40" hits="0" branch="False" />
                <line number="41" hits="0" branch="False" />
                <line number="42" hits="0" branch="False" />
                <line number="43" hits="0" branch="False" />
                <line number="44" hits="0" branch="False" />
                <line number="45" hits="0" branch="False" />
                <line number="46" hits="0" branch="False" />
                <line number="47" hits="0" branch="False" />
                <line number="48" hits="0" branch="False" />
                <line number="49" hits="0" branch="False" />
                <line number="50" hits="0" branch="False" />
                <line number="51" hits="0" branch="False" />
                <line number="53" hits="0" branch="False" />
                <line number="54" hits="0" branch="False" />
                <line number="55" hits="0" branch="False" />
                <line number="56" hits="0" branch="False" />
                <line number="57" hits="0" branch="False" />
                <line number="58" hits="0" branch="False" />
                <line number="59" hits="0" branch="False" />
                <line number="60" hits="0" branch="False" />
                <line number="61" hits="0" branch="False" />
                <line number="62" hits="0" branch="False" />
                <line number="63" hits="0" branch="False" />
                <line number="64" hits="0" branch="False" />
                <line number="66" hits="0" branch="False" />
                <line number="67" hits="0" branch="False" />
                <line number="68" hits="0" branch="False" />
                <line number="69" hits="0" branch="False" />
                <line number="70" hits="0" branch="False" />
                <line number="71" hits="0" branch="False" />
                <line number="72" hits="0" branch="False" />
                <line number="73" hits="0" branch="False" />
                <line number="74" hits="0" branch="False" />
                <line number="75" hits="0" branch="False" />
                <line number="76" hits="0" branch="False" />
                <line number="77" hits="0" branch="False" />
                <line number="78" hits="0" branch="False" />
                <line number="79" hits="0" branch="False" />
                <line number="80" hits="0" branch="False" />
                <line number="81" hits="0" branch="False" />
                <line number="82" hits="0" branch="False" />
                <line number="83" hits="0" branch="False" />
                <line number="84" hits="0" branch="False" />
                <line number="85" hits="0" branch="False" />
                <line number="87" hits="0" branch="False" />
                <line number="88" hits="0" branch="False" />
                <line number="89" hits="0" branch="False" />
                <line number="90" hits="0" branch="False" />
                <line number="91" hits="0" branch="False" />
                <line number="92" hits="0" branch="False" />
                <line number="93" hits="0" branch="False" />
                <line number="94" hits="0" branch="False" />
                <line number="95" hits="0" branch="False" />
                <line number="96" hits="0" branch="False" />
                <line number="97" hits="0" branch="False" />
                <line number="98" hits="0" branch="False" />
                <line number="99" hits="0" branch="False" />
                <line number="100" hits="0" branch="False" />
                <line number="101" hits="0" branch="False" />
                <line number="102" hits="0" branch="False" />
                <line number="103" hits="0" branch="False" />
                <line number="104" hits="0" branch="False" />
                <line number="105" hits="0" branch="False" />
                <line number="106" hits="0" branch="False" />
                <line number="108" hits="0" branch="False" />
                <line number="109" hits="0" branch="False" />
                <line number="110" hits="0" branch="False" />
                <line number="111" hits="0" branch="False" />
                <line number="112" hits="0" branch="False" />
                <line number="113" hits="0" branch="False" />
                <line number="114" hits="0" branch="False" />
                <line number="115" hits="0" branch="False" />
                <line number="116" hits="0" branch="False" />
                <line number="117" hits="0" branch="False" />
                <line number="118" hits="0" branch="False" />
                <line number="119" hits="0" branch="False" />
                <line number="120" hits="0" branch="False" />
                <line number="121" hits="0" branch="False" />
                <line number="122" hits="0" branch="False" />
                <line number="123" hits="0" branch="False" />
                <line number="124" hits="0" branch="False" />
                <line number="125" hits="0" branch="False" />
                <line number="126" hits="0" branch="False" />
                <line number="128" hits="0" branch="False" />
                <line number="129" hits="0" branch="False" />
                <line number="130" hits="0" branch="False" />
                <line number="131" hits="0" branch="False" />
                <line number="132" hits="0" branch="False" />
                <line number="133" hits="0" branch="False" />
                <line number="134" hits="0" branch="False" />
                <line number="135" hits="0" branch="False" />
                <line number="136" hits="0" branch="False" />
                <line number="137" hits="0" branch="False" />
                <line number="138" hits="0" branch="False" />
                <line number="139" hits="0" branch="False" />
                <line number="140" hits="0" branch="False" />
                <line number="141" hits="0" branch="False" />
                <line number="142" hits="0" branch="False" />
                <line number="143" hits="0" branch="False" />
                <line number="144" hits="0" branch="False" />
                <line number="145" hits="0" branch="False" />
                <line number="146" hits="0" branch="False" />
                <line number="147" hits="0" branch="False" />
                <line number="148" hits="0" branch="False" />
                <line number="149" hits="0" branch="False" />
                <line number="150" hits="0" branch="False" />
                <line number="152" hits="0" branch="False" />
                <line number="153" hits="0" branch="False" />
                <line number="154" hits="0" branch="False" />
                <line number="155" hits="0" branch="False" />
                <line number="156" hits="0" branch="False" />
                <line number="157" hits="0" branch="False" />
                <line number="158" hits="0" branch="False" />
                <line number="159" hits="0" branch="False" />
                <line number="160" hits="0" branch="False" />
                <line number="161" hits="0" branch="False" />
                <line number="162" hits="0" branch="False" />
                <line number="163" hits="0" branch="False" />
                <line number="164" hits="0" branch="False" />
                <line number="165" hits="0" branch="False" />
                <line number="166" hits="0" branch="False" />
                <line number="167" hits="0" branch="False" />
                <line number="168" hits="0" branch="False" />
                <line number="169" hits="0" branch="False" />
                <line number="170" hits="0" branch="False" />
                <line number="172" hits="0" branch="False" />
                <line number="173" hits="0" branch="False" />
                <line number="174" hits="0" branch="False" />
                <line number="175" hits="0" branch="False" />
                <line number="176" hits="0" branch="False" />
                <line number="177" hits="0" branch="False" />
                <line number="178" hits="0" branch="False" />
                <line number="179" hits="0" branch="False" />
                <line number="180" hits="0" branch="False" />
                <line number="181" hits="0" branch="False" />
                <line number="182" hits="0" branch="False" />
                <line number="183" hits="0" branch="False" />
                <line number="184" hits="0" branch="False" />
                <line number="185" hits="0" branch="False" />
                <line number="186" hits="0" branch="False" />
                <line number="187" hits="0" branch="False" />
                <line number="188" hits="0" branch="False" />
                <line number="189" hits="0" branch="False" />
                <line number="190" hits="0" branch="False" />
                <line number="191" hits="0" branch="False" />
                <line number="192" hits="0" branch="False" />
                <line number="193" hits="0" branch="False" />
                <line number="194" hits="0" branch="False" />
                <line number="196" hits="0" branch="False" />
                <line number="197" hits="0" branch="False" />
                <line number="198" hits="0" branch="False" />
                <line number="199" hits="0" branch="False" />
                <line number="200" hits="0" branch="False" />
                <line number="201" hits="0" branch="False" />
                <line number="202" hits="0" branch="False" />
                <line number="203" hits="0" branch="False" />
                <line number="204" hits="0" branch="False" />
                <line number="205" hits="0" branch="False" />
                <line number="206" hits="0" branch="False" />
                <line number="207" hits="0" branch="False" />
                <line number="208" hits="0" branch="False" />
                <line number="209" hits="0" branch="False" />
                <line number="210" hits="0" branch="False" />
                <line number="211" hits="0" branch="False" />
                <line number="212" hits="0" branch="False" />
                <line number="213" hits="0" branch="False" />
                <line number="214" hits="0" branch="False" />
                <line number="216" hits="0" branch="False" />
                <line number="217" hits="0" branch="False" />
                <line number="218" hits="0" branch="False" />
                <line number="219" hits="0" branch="False" />
                <line number="220" hits="0" branch="False" />
                <line number="221" hits="0" branch="False" />
                <line number="222" hits="0" branch="False" />
                <line number="223" hits="0" branch="False" />
                <line number="224" hits="0" branch="False" />
                <line number="225" hits="0" branch="False" />
                <line number="226" hits="0" branch="False" />
                <line number="227" hits="0" branch="False" />
                <line number="228" hits="0" branch="False" />
                <line number="229" hits="0" branch="False" />
                <line number="230" hits="0" branch="False" />
                <line number="231" hits="0" branch="False" />
                <line number="232" hits="0" branch="False" />
                <line number="233" hits="0" branch="False" />
                <line number="235" hits="0" branch="False" />
                <line number="236" hits="0" branch="False" />
                <line number="237" hits="0" branch="False" />
                <line number="238" hits="0" branch="False" />
                <line number="239" hits="0" branch="False" />
                <line number="240" hits="0" branch="False" />
                <line number="241" hits="0" branch="False" />
                <line number="242" hits="0" branch="False" />
                <line number="243" hits="0" branch="False" />
                <line number="244" hits="0" branch="False" />
                <line number="245" hits="0" branch="False" />
                <line number="246" hits="0" branch="False" />
                <line number="247" hits="0" branch="False" />
                <line number="248" hits="0" branch="False" />
                <line number="249" hits="0" branch="False" />
                <line number="250" hits="0" branch="False" />
                <line number="251" hits="0" branch="False" />
                <line number="252" hits="0" branch="False" />
                <line number="253" hits="0" branch="False" />
                <line number="254" hits="0" branch="False" />
                <line number="255" hits="0" branch="False" />
                <line number="256" hits="0" branch="False" />
                <line number="257" hits="0" branch="False" />
                <line number="258" hits="0" branch="False" />
                <line number="259" hits="0" branch="False" />
                <line number="260" hits="0" branch="False" />
                <line number="261" hits="0" branch="False" />
                <line number="262" hits="0" branch="False" />
                <line number="263" hits="0" branch="False" />
                <line number="264" hits="0" branch="False" />
                <line number="265" hits="0" branch="False" />
                <line number="266" hits="0" branch="False" />
                <line number="267" hits="0" branch="False" />
                <line number="268" hits="0" branch="False" />
                <line number="269" hits="0" branch="False" />
                <line number="270" hits="0" branch="False" />
                <line number="271" hits="0" branch="False" />
                <line number="273" hits="0" branch="False" />
                <line number="274" hits="0" branch="False" />
                <line number="275" hits="0" branch="False" />
                <line number="276" hits="0" branch="False" />
                <line number="278" hits="0" branch="False" />
                <line number="279" hits="0" branch="False" />
                <line number="280" hits="0" branch="False" />
                <line number="281" hits="0" branch="False" />
                <line number="282" hits="0" branch="False" />
                <line number="283" hits="0" branch="False" />
                <line number="285" hits="0" branch="False" />
                <line number="286" hits="0" branch="False" />
                <line number="287" hits="0" branch="False" />
                <line number="288" hits="0" branch="False" />
                <line number="290" hits="0" branch="False" />
                <line number="291" hits="0" branch="False" />
                <line number="292" hits="0" branch="False" />
                <line number="293" hits="0" branch="False" />
                <line number="295" hits="0" branch="False" />
                <line number="296" hits="0" branch="False" />
                <line number="297" hits="0" branch="False" />
                <line number="298" hits="0" branch="False" />
                <line number="300" hits="0" branch="False" />
                <line number="301" hits="0" branch="False" />
                <line number="302" hits="0" branch="False" />
                <line number="303" hits="0" branch="False" />
                <line number="305" hits="0" branch="False" />
                <line number="306" hits="0" branch="False" />
                <line number="307" hits="0" branch="False" />
                <line number="308" hits="0" branch="False" />
                <line number="309" hits="0" branch="False" />
                <line number="310" hits="0" branch="False" />
                <line number="312" hits="0" branch="False" />
                <line number="313" hits="0" branch="False" />
                <line number="314" hits="0" branch="False" />
                <line number="315" hits="0" branch="False" />
                <line number="317" hits="0" branch="False" />
                <line number="318" hits="0" branch="False" />
                <line number="319" hits="0" branch="False" />
                <line number="320" hits="0" branch="False" />
                <line number="322" hits="0" branch="False" />
                <line number="323" hits="0" branch="False" />
                <line number="324" hits="0" branch="False" />
                <line number="325" hits="0" branch="False" />
                <line number="327" hits="0" branch="False" />
                <line number="328" hits="0" branch="False" />
                <line number="329" hits="0" branch="False" />
                <line number="330" hits="0" branch="False" />
                <line number="332" hits="0" branch="False" />
                <line number="333" hits="0" branch="False" />
                <line number="334" hits="0" branch="False" />
                <line number="335" hits="0" branch="False" />
                <line number="337" hits="0" branch="False" />
                <line number="338" hits="0" branch="False" />
                <line number="339" hits="0" branch="False" />
                <line number="340" hits="0" branch="False" />
                <line number="341" hits="0" branch="False" />
              </lines>
            </method>
            <method name="Down" signature="(Microsoft.EntityFrameworkCore.Migrations.MigrationBuilder)" line-rate="0" branch-rate="1" complexity="1">
              <lines>
                <line number="345" hits="0" branch="False" />
                <line number="346" hits="0" branch="False" />
                <line number="347" hits="0" branch="False" />
                <line number="349" hits="0" branch="False" />
                <line number="350" hits="0" branch="False" />
                <line number="352" hits="0" branch="False" />
                <line number="353" hits="0" branch="False" />
                <line number="355" hits="0" branch="False" />
                <line number="356" hits="0" branch="False" />
                <line number="358" hits="0" branch="False" />
                <line number="359" hits="0" branch="False" />
                <line number="361" hits="0" branch="False" />
                <line number="362" hits="0" branch="False" />
                <line number="364" hits="0" branch="False" />
                <line number="365" hits="0" branch="False" />
                <line number="367" hits="0" branch="False" />
                <line number="368" hits="0" branch="False" />
                <line number="370" hits="0" branch="False" />
                <line number="371" hits="0" branch="False" />
                <line number="373" hits="0" branch="False" />
                <line number="374" hits="0" branch="False" />
                <line number="376" hits="0" branch="False" />
                <line number="377" hits="0" branch="False" />
                <line number="379" hits="0" branch="False" />
                <line number="380" hits="0" branch="False" />
                <line number="381" hits="0" branch="False" />
              </lines>
            </method>
          </methods>
          <lines>
            <line number="13" hits="0" branch="False" />
            <line number="14" hits="0" branch="False" />
            <line number="15" hits="0" branch="False" />
            <line number="16" hits="0" branch="False" />
            <line number="17" hits="0" branch="False" />
            <line number="18" hits="0" branch="False" />
            <line number="19" hits="0" branch="False" />
            <line number="20" hits="0" branch="False" />
            <line number="21" hits="0" branch="False" />
            <line number="22" hits="0" branch="False" />
            <line number="23" hits="0" branch="False" />
            <line number="24" hits="0" branch="False" />
            <line number="25" hits="0" branch="False" />
            <line number="26" hits="0" branch="False" />
            <line number="28" hits="0" branch="False" />
            <line number="29" hits="0" branch="False" />
            <line number="30" hits="0" branch="False" />
            <line number="31" hits="0" branch="False" />
            <line number="32" hits="0" branch="False" />
            <line number="33" hits="0" branch="False" />
            <line number="34" hits="0" branch="False" />
            <line number="35" hits="0" branch="False" />
            <line number="36" hits="0" branch="False" />
            <line number="37" hits="0" branch="False" />
            <line number="38" hits="0" branch="False" />
            <line number="39" hits="0" branch="False" />
            <line number="40" hits="0" branch="False" />
            <line number="41" hits="0" branch="False" />
            <line number="42" hits="0" branch="False" />
            <line number="43" hits="0" branch="False" />
            <line number="44" hits="0" branch="False" />
            <line number="45" hits="0" branch="False" />
            <line number="46" hits="0" branch="False" />
            <line number="47" hits="0" branch="False" />
            <line number="48" hits="0" branch="False" />
            <line number="49" hits="0" branch="False" />
            <line number="50" hits="0" branch="False" />
            <line number="51" hits="0" branch="False" />
            <line number="53" hits="0" branch="False" />
            <line number="54" hits="0" branch="False" />
            <line number="55" hits="0" branch="False" />
            <line number="56" hits="0" branch="False" />
            <line number="57" hits="0" branch="False" />
            <line number="58" hits="0" branch="False" />
            <line number="59" hits="0" branch="False" />
            <line number="60" hits="0" branch="False" />
            <line number="61" hits="0" branch="False" />
            <line number="62" hits="0" branch="False" />
            <line number="63" hits="0" branch="False" />
            <line number="64" hits="0" branch="False" />
            <line number="66" hits="0" branch="False" />
            <line number="67" hits="0" branch="False" />
            <line number="68" hits="0" branch="False" />
            <line number="69" hits="0" branch="False" />
            <line number="70" hits="0" branch="False" />
            <line number="71" hits="0" branch="False" />
            <line number="72" hits="0" branch="False" />
            <line number="73" hits="0" branch="False" />
            <line number="74" hits="0" branch="False" />
            <line number="75" hits="0" branch="False" />
            <line number="76" hits="0" branch="False" />
            <line number="77" hits="0" branch="False" />
            <line number="78" hits="0" branch="False" />
            <line number="79" hits="0" branch="False" />
            <line number="80" hits="0" branch="False" />
            <line number="81" hits="0" branch="False" />
            <line number="82" hits="0" branch="False" />
            <line number="83" hits="0" branch="False" />
            <line number="84" hits="0" branch="False" />
            <line number="85" hits="0" branch="False" />
            <line number="87" hits="0" branch="False" />
            <line number="88" hits="0" branch="False" />
            <line number="89" hits="0" branch="False" />
            <line number="90" hits="0" branch="False" />
            <line number="91" hits="0" branch="False" />
            <line number="92" hits="0" branch="False" />
            <line number="93" hits="0" branch="False" />
            <line number="94" hits="0" branch="False" />
            <line number="95" hits="0" branch="False" />
            <line number="96" hits="0" branch="False" />
            <line number="97" hits="0" branch="False" />
            <line number="98" hits="0" branch="False" />
            <line number="99" hits="0" branch="False" />
            <line number="100" hits="0" branch="False" />
            <line number="101" hits="0" branch="False" />
            <line number="102" hits="0" branch="False" />
            <line number="103" hits="0" branch="False" />
            <line number="104" hits="0" branch="False" />
            <line number="105" hits="0" branch="False" />
            <line number="106" hits="0" branch="False" />
            <line number="108" hits="0" branch="False" />
            <line number="109" hits="0" branch="False" />
            <line number="110" hits="0" branch="False" />
            <line number="111" hits="0" branch="False" />
            <line number="112" hits="0" branch="False" />
            <line number="113" hits="0" branch="False" />
            <line number="114" hits="0" branch="False" />
            <line number="115" hits="0" branch="False" />
            <line number="116" hits="0" branch="False" />
            <line number="117" hits="0" branch="False" />
            <line number="118" hits="0" branch="False" />
            <line number="119" hits="0" branch="False" />
            <line number="120" hits="0" branch="False" />
            <line number="121" hits="0" branch="False" />
            <line number="122" hits="0" branch="False" />
            <line number="123" hits="0" branch="False" />
            <line number="124" hits="0" branch="False" />
            <line number="125" hits="0" branch="False" />
            <line number="126" hits="0" branch="False" />
            <line number="128" hits="0" branch="False" />
            <line number="129" hits="0" branch="False" />
            <line number="130" hits="0" branch="False" />
            <line number="131" hits="0" branch="False" />
            <line number="132" hits="0" branch="False" />
            <line number="133" hits="0" branch="False" />
            <line number="134" hits="0" branch="False" />
            <line number="135" hits="0" branch="False" />
            <line number="136" hits="0" branch="False" />
            <line number="137" hits="0" branch="False" />
            <line number="138" hits="0" branch="False" />
            <line number="139" hits="0" branch="False" />
            <line number="140" hits="0" branch="False" />
            <line number="141" hits="0" branch="False" />
            <line number="142" hits="0" branch="False" />
            <line number="143" hits="0" branch="False" />
            <line number="144" hits="0" branch="False" />
            <line number="145" hits="0" branch="False" />
            <line number="146" hits="0" branch="False" />
            <line number="147" hits="0" branch="False" />
            <line number="148" hits="0" branch="False" />
            <line number="149" hits="0" branch="False" />
            <line number="150" hits="0" branch="False" />
            <line number="152" hits="0" branch="False" />
            <line number="153" hits="0" branch="False" />
            <line number="154" hits="0" branch="False" />
            <line number="155" hits="0" branch="False" />
            <line number="156" hits="0" branch="False" />
            <line number="157" hits="0" branch="False" />
            <line number="158" hits="0" branch="False" />
            <line number="159" hits="0" branch="False" />
            <line number="160" hits="0" branch="False" />
            <line number="161" hits="0" branch="False" />
            <line number="162" hits="0" branch="False" />
            <line number="163" hits="0" branch="False" />
            <line number="164" hits="0" branch="False" />
            <line number="165" hits="0" branch="False" />
            <line number="166" hits="0" branch="False" />
            <line number="167" hits="0" branch="False" />
            <line number="168" hits="0" branch="False" />
            <line number="169" hits="0" branch="False" />
            <line number="170" hits="0" branch="False" />
            <line number="172" hits="0" branch="False" />
            <line number="173" hits="0" branch="False" />
            <line number="174" hits="0" branch="False" />
            <line number="175" hits="0" branch="False" />
            <line number="176" hits="0" branch="False" />
            <line number="177" hits="0" branch="False" />
            <line number="178" hits="0" branch="False" />
            <line number="179" hits="0" branch="False" />
            <line number="180" hits="0" branch="False" />
            <line number="181" hits="0" branch="False" />
            <line number="182" hits="0" branch="False" />
            <line number="183" hits="0" branch="False" />
            <line number="184" hits="0" branch="False" />
            <line number="185" hits="0" branch="False" />
            <line number="186" hits="0" branch="False" />
            <line number="187" hits="0" branch="False" />
            <line number="188" hits="0" branch="False" />
            <line number="189" hits="0" branch="False" />
            <line number="190" hits="0" branch="False" />
            <line number="191" hits="0" branch="False" />
            <line number="192" hits="0" branch="False" />
            <line number="193" hits="0" branch="False" />
            <line number="194" hits="0" branch="False" />
            <line number="196" hits="0" branch="False" />
            <line number="197" hits="0" branch="False" />
            <line number="198" hits="0" branch="False" />
            <line number="199" hits="0" branch="False" />
            <line number="200" hits="0" branch="False" />
            <line number="201" hits="0" branch="False" />
            <line number="202" hits="0" branch="False" />
            <line number="203" hits="0" branch="False" />
            <line number="204" hits="0" branch="False" />
            <line number="205" hits="0" branch="False" />
            <line number="206" hits="0" branch="False" />
            <line number="207" hits="0" branch="False" />
            <line number="208" hits="0" branch="False" />
            <line number="209" hits="0" branch="False" />
            <line number="210" hits="0" branch="False" />
[...]
          <methods>
            <method name="MoveNext" signature="()" line-rate="0" branch-rate="0" complexity="8">
              <lines>
                <line number="27" hits="0" branch="False" />
                <line number="28" hits="0" branch="True" condition-coverage="0% (0/2)">
                  <conditions>
                    <condition number="44" type="jump" coverage="0%" />
                  </conditions>
                </line>
                <line number="29" hits="0" branch="False" />
                <line number="31" hits="0" branch="False" />
                <line number="32" hits="0" branch="True" condition-coverage="0% (0/2)">
                  <conditions>
                    <condition number="205" type="jump" coverage="0%" />
                  </conditions>
                </line>
                <line number="33" hits="0" branch="False" />
                <line number="34" hits="0" branch="False" />
                <line number="36" hits="0" branch="False" />
                <line number="37" hits="0" branch="False" />
                <line number="39" hits="0" branch="False" />
                <line number="40" hits="0" branch="False" />
                <line number="42" hits="0" branch="True" condition-coverage="0% (0/2)">
                  <conditions>
                    <condition number="434" type="jump" coverage="0%" />
                  </conditions>
                </line>
                <line number="43" hits="0" branch="False" />
                <line number="44" hits="0" branch="False" />
                <line number="48" hits="0" branch="True" condition-coverage="0% (0/2)">
                  <conditions>
                    <condition number="554" type="jump" coverage="0%" />
                  </conditions>
                </line>
                <line number="49" hits="0" branch="False" />
                <line number="50" hits="0" branch="False" />
                <line number="51" hits="0" branch="False" />
                <line number="52" hits="0" branch="False" />
                <line number="55" hits="0" branch="False" />
                <line number="56" hits="0" branch="False" />
                <line number="60" hits="0" branch="False" />
                <line number="61" hits="0" branch="False" />
                <line number="65" hits="0" branch="False" />
              </lines>
            </method>
          </methods>
          <lines>
            <line number="27" hits="0" branch="False" />
            <line number="28" hits="0" branch="True" condition-coverage="0% (0/2)">
              <conditions>
                <condition number="44" type="jump" coverage="0%" />
              </conditions>
            </line>
            <line number="29" hits="0" branch="False" />
            <line number="31" hits="0" branch="False" />
            <line number="32" hits="0" branch="True" condition-coverage="0% (0/2)">
              <conditions>
                <condition number="205" type="jump" coverage="0%" />
              </conditions>
            </line>
            <line number="33" hits="0" branch="False" />
            <line number="34" hits="0" branch="False" />
            <line number="36" hits="0" branch="False" />
            <line number="37" hits="0" branch="False" />
            <line number="39" hits="0" branch="False" />
            <line number="40" hits="0" branch="False" />
            <line number="42" hits="0" branch="True" condition-coverage="0% (0/2)">
              <conditions>
                <condition number="434" type="jump" coverage="0%" />
              </conditions>
            </line>
            <line number="43" hits="0" branch="False" />
            <line number="44" hits="0" branch="False" />
            <line number="48" hits="0" branch="True" condition-coverage="0% (0/2)">
              <conditions>
                <condition number="554" type="jump" coverage="0%" />
              </conditions>
            </line>
            <line number="49" hits="0" branch="False" />
            <line number="50" hits="0" branch="False" />
            <line number="51" hits="0" branch="False" />
            <line number="52" hits="0" branch="False" />
            <line number="55" hits="0" branch="False" />
            <line number="56" hits="0" branch="False" />
            <line number="60" hits="0" branch="False" />
            <line number="61" hits="0" branch="False" />
            <line number="65" hits="0" branch="False" />
          </lines>
        </class>
        <class name="DataAccessLayer.Controllers.InvoiceController" filename="InvoiceAPI\Controllers\InvoiceController.cs" line-rate="1" branch-rate="1" complexity="15">
          <methods>
            <method name="Add" signature="(DataAccessLayer.DTOS.Invoice.InvoiceDto)" line-rate="1" branch-rate="1" complexity="2">
              <lines>
                <line number="26" hits="2" branch="False" />
                <line number="28" hits="2" branch="False" />
                <line number="29" hits="2" branch="True" condition-coverage="100% (2/2)">
                  <conditions>
                    <condition number="27" type="jump" coverage="100%" />
                  </conditions>
                </line>
                <line number="30" hits="1" branch="False" />
                <line number="31" hits="1" branch="False" />
                <line number="33" hits="1" branch="False" />
                <line number="35" hits="1" branch="False" />
                <line number="37" hits="2" branch="False" />
              </lines>
            </method>
            <method name="GetById" signature="(System.Int32)" line-rate="1" branch-rate="1" complexity="2">
              <lines>
                <line number="41" hits="3" branch="False" />
                <line number="42" hits="3" branch="False" />
                <line number="43" hits="3" branch="True" condition-coverage="100% (2/2)">
                  <conditions>
                    <condition number="20" type="jump" coverage="100%" />
                  </conditions>
                </line>
                <line number="44" hits="2" branch="False" />
                <line number="45" hits="2" branch="False" />
                <line number="47" hits="1" branch="False" />
                <line number="48" hits="3" branch="False" />
              </lines>
            </method>
            <method name="GetAll" signature="()" line-rate="1" branch-rate="1" complexity="2">
              <lines>
                <line number="52" hits="2" branch="False" />
                <line number="53" hits="2" branch="False" />
                <line number="54" hits="2" branch="True" condition-coverage="100% (2/2)">
                  <conditions>
                    <condition number="24" type="jump" coverage="100%" />
                  </conditions>
                </line>
                <line number="55" hits="1" branch="False" />
                <line number="56" hits="1" branch="False" />
                <line number="58" hits="1" branch="False" />
                <line number="59" hits="2" branch="False" />
              </lines>
            </method>
            <method name="UpdateInvoice" signature="(DataAccessLayer.DTOS.Invoice.InvoiceDto)" line-rate="1" branch-rate="1" complexity="6">
              <lines>
                <line number="62" hits="3" branch="False" />
                <line number="63" hits="3" branch="True" condition-coverage="100% (4/4)">
                  <conditions>
                    <condition number="2" type="jump" coverage="100%" />
                    <condition number="17" type="jump" coverage="100%" />
                  </conditions>
                </line>
                <line number="64" hits="1" branch="False" />
                <line number="65" hits="1" branch="False" />
                <line number="68" hits="2" branch="False" />
                <line number="70" hits="2" branch="True" condition-coverage="100% (2/2)">
                  <conditions>
                    <condition number="45" type="jump" coverage="100%" />
                  </conditions>
                </line>
                <line number="71" hits="1" branch="False" />
                <line number="72" hits="1" branch="False" />
                <line number="75" hits="1" branch="False" />
                <line number="76" hits="1" branch="False" />
                <line number="78" hits="3" branch="False" />
              </lines>
            </method>
            <method name="DeleteInvoice" signature="(System.Int32)" line-rate="1" branch-rate="1" complexity="2">
              <lines>
                <line number="82" hits="3" branch="False" />
                <line number="83" hits="3" branch="False" />
                <line number="86" hits="3" branch="True" condition-coverage="100% (2/2)">
                  <conditions>
                    <condition number="17" type="jump" coverage="100%" />
                  </conditions>
                </line>
                <line number="87" hits="2" branch="False" />
                <line number="88" hits="2" branch="False" />
                <line number="90" hits="1" branch="False" />
                <line number="91" hits="1" branch="False" />
                <line number="95" hits="3" branch="False" />
              </lines>
            </method>
            <method name=".ctor" signature="(InvoiceAPI.Services.InvoiceService.IinvoiceService)" line-rate="1" branch-rate="1" complexity="1">
              <lines>
                <line number="17" hits="13" branch="False" />
                <line number="18" hits="13" branch="False" />
                <line number="19" hits="13" branch="False" />
                <line number="20" hits="13" branch="False" />
              </lines>
            </method>
          </methods>
          <lines>
            <line number="26" hits="2" branch="False" />
            <line number="28" hits="2" branch="False" />
            <line number="29" hits="2" branch="True" condition-coverage="100% (2/2)">
              <conditions>
                <condition number="27" type="jump" coverage="100%" />
              </conditions>
            </line>
            <line number="30" hits="1" branch="False" />
            <line number="31" hits="1" branch="False" />
            <line number="33" hits="1" branch="False" />
            <line number="35" hits="1" branch="False" />
            <line number="37" hits="2" branch="False" />
            <line number="41" hits="3" branch="False" />
            <line number="42" hits="3" branch="False" />
            <line number="43" hits="3" branch="True" condition-coverage="100% (2/2)">
              <conditions>
                <condition number="20" type="jump" coverage="100%" />
              </conditions>
            </line>
            <line number="44" hits="2" branch="False" />
            <line number="45" hits="2" branch="False" />
            <line number="47" hits="1" branch="False" />
            <line number="48" hits="3" branch="False" />
            <line number="52" hits="2" branch="False" />
            <line number="53" hits="2" branch="False" />
            <line number="54" hits="2" branch="True" condition-coverage="100% (2/2)">
              <conditions>
                <condition number="24" type="jump" coverage="100%" />
              </conditions>
            </line>
            <line number="55" hits="1" branch="False" />
            <line number="56" hits="1" branch="False" />
            <line number="58" hits="1" branch="False" />
            <line number="59" hits="2" branch="False" />
            <line number="62" hits="3" branch="False" />
            <line number="63" hits="3" branch="True" condition-coverage="100% (4/4)">
              <conditions>
                <condition number="2" type="jump" coverage="100%" />
                <condition number="17" type="jump" coverage="100%" />
              </conditions>
            </line>
            <line number="64" hits="1" branch="False" />
            <line number="65" hits="1" branch="False" />
            <line number="68" hits="2" branch="False" />
            <line number="70" hits="2" branch="True" condition-coverage="100% (2/2)">
              <conditions>
                <condition number="45" type="jump" coverage="100%" />
              </conditions>
            </line>
            <line number="71" hits="1" branch="False" />
            <line number="72" hits="1" branch="False" />
            <line number="75" hits="1" branch="False" />
            <line number="76" hits="1" branch="False" />
            <line number="78" hits="3" branch="False" />
            <line number="82" hits="3" branch="False" />
            <line number="83" hits="3" branch="False" />
            <line number="86" hits="3" branch="True" condition-coverage="100% (2/2)">
              <conditions>
                <condition number="17" type="jump" coverage="100%" />
              </conditions>
            </line>
            <line number="87" hits="2" branch="False" />
            <line number="88" hits="2" branch="False" />
            <line number="90" hits="1" branch="False" />
            <line number="91" hits="1" branch="False" />
            <line number="95" hits="3" branch="False" />
            <line number="17" hits="13" branch="False" />
            <line number="18" hits="13" branch="False" />
            <line number="19" hits="13" branch="False" />
            <line number="20" hits="13" branch="False" />
          </lines>
        </class>
        <class name="DataAccessLayer.Controllers.InvoiceitemController" filename="InvoiceAPI\Controllers\InvoiceitemController.cs" line-rate="0" branch-rate="0" complexity="3">
          <methods>
            <method name="Update" signature="(DataAccessLayer.Models.InvoiceItem)" line-rate="0" branch-rate="0" complexity="2">
              <lines>
                <line number="20" hits="0" branch="False" />
                <line number="21" hits="0" branch="False" />
                <line number="24" hits="0" branch="True" condition-coverage="0% (0/2)">
                  <conditions>
                    <condition number="27" type="jump" coverage="0%" />
                  </conditions>
                </line>
                <line number="25" hits="0" branch="False" />
                <line number="26" hits="0" branch="False" />
                <line number="29" hits="0" branch="False" />
                <line number="30" hits="0" branch="False" />
                <line number="32" hits="0" branch="False" />
              </lines>
            </method>
            <method name=".ctor" signature="(InvoiceAPI.Services.InvocieitemService.IinvoiceitemService)" line-rate="0" branch-rate="1" complexity="1">
              <lines>
                <line number="14" hits="0" branch="False" />
                <line number="15" hits="0" branch="False" />
                <line number="16" hits="0" branch="False" />
                <line number="17" hits="0" branch="False" />
              </lines>
            </method>
          </methods>
          <lines>
            <line number="20" hits="0" branch="False" />
            <line number="21" hits="0" branch="False" />
            <line number="24" hits="0" branch="True" condition-coverage="0% (0/2)">
              <conditions>
                <condition number="27" type="jump" coverage="0%" />
              </conditions>
            </line>
            <line number="25" hits="0" branch="False" />
            <line number="26" hits="0" branch="False" />
            <line number="29" hits="0" branch="False" />
            <line number="30" hits="0" branch="False" />
            <line number="32" hits="0" branch="False" />
            <line number="14" hits="0" branch="False" />
            <line number="15" hits="0" branch="False" />
            <line number="16" hits="0" branch="False" />
            <line number="17" hits="0" branch="False" />
          </lines>
        </class>
        <class name="DataAccessLayer.Controllers.StoreController" filename="InvoiceAPI\Controllers\StoreController.cs" line-rate="0.6315" branch-rate="0.3333" complexity="7">
          <methods>
            <method name="Get" signature="(System.Int32)" line-rate="1" branch-rate="1" complexity="2">
              <lines>
                <line number="24" hits="3" branch="False" />
                <line number="25" hits="3" branch="False" />
                <line number="26" hits="3" branch="True" condition-coverage="100% (2/2)">
                  <conditions>
                    <condition number="20" type="jump" coverage="100%" />
                  </conditions>
                </line>
                <line number="27" hits="2" branch="False" />
                <line number="28" hits="2" branch="False" />
                <line number="32" hits="1" branch="False" />
                <line number="33" hits="1" branch="False" />
                <line number="35" hits="3" branch="False" />
              </lines>
            </method>
            <method name="GetAll" signature="()" line-rate="0" branch-rate="0" complexity="4">
              <lines>
                <line number="40" hits="0" branch="False" />
                <line number="41" hits="0" branch="False" />
                <line number="42" hits="0" branch="True" condition-coverage="0% (0/4)">
                  <conditions>
                    <condition number="14" type="jump" coverage="0%" />
                    <condition number="30" type="jump" coverage="0%" />
                  </conditions>
                </line>
                <line number="43" hits="0" branch="False" />
                <line number="44" hits="0" branch="False" />
                <line number="46" hits="0" branch="False" />
                <line number="47" hits="0" branch="False" />
              </lines>
            </method>
            <method name=".ctor" signature="(InvoiceAPI.Services.StoreService.IStoreService)" line-rate="1" branch-rate="1" complexity="1">
              <lines>
                <line number="16" hits="3" branch="False" />
                <line number="17" hits="3" branch="False" />
                <line number="18" hits="3" branch="False" />
                <line number="19" hits="3" branch="False" />
              </lines>
            </method>
          </methods>
          <lines>
            <line number="24" hits="3" branch="False" />
            <line number="25" hits="3" branch="False" />
            <line number="26" hits="3" branch="True" condition-coverage="100% (2/2)">
              <conditions>
                <condition number="20" type="jump" coverage="100%" />
              </conditions>
            </line>
            <line number="27" hits="2" branch="False" />
            <line number="28" hits="2" branch="False" />
            <line number="32" hits="1" branch="False" />
            <line number="33" hits="1" branch="False" />
            <line number="35" hits="3" branch="False" />
            <line number="40" hits="0" branch="False" />
            <line number="41" hits="0" branch="False" />
            <line number="42" hits="0" branch="True" condition-coverage="0% (0/4)">
              <conditions>
                <condition number="14" type="jump" coverage="0%" />
                <condition number="30" type="jump" coverage="0%" />
              </conditions>
            </line>
            <line number="43" hits="0" branch="False" />
            <line number="44" hits="0" branch="False" />
            <line number="46" hits="0" branch="False" />
            <line number="47" hits="0" branch="False" />
            <line number="16" hits="3" branch="False" />
            <line number="17" hits="3" branch="False" />
            <line number="18" hits="3" branch="False" />
            <line number="19" hits="3" branch="False" />
          </lines>
        </class>
      </classes>
    </package>
  </packages>
</coverage>